<?xml version="1.0" encoding="UTF-8"?>
<!-- Generated by org.testng.reporters.JUnitReportReporter -->
<testsuite hostname="LAPTOP-EAUKGIIR" failures="0" tests="1" name="testcases.OrangeHrmTestCases" time="87.858" errors="0" timestamp="2024-10-24T19:06:32 IST" skipped="0">
  <testcase classname="testcases.OrangeHrmTestCases" name="updatePersonalDetails" time="87.858"/>
  <system-out/>
</testsuite> <!-- testcases.OrangeHrmTestCases -->
